2014-09-05 17:54:49,353 [main] WARN  o.e.r.i.c.rcp.TypeBindingAnalyzer - Can't handle %s as parent of completion location.
2014-09-10 19:26:12,728 [main] ERROR o.e.r.c.r.RecommendersCompletionContext - Couldn't parse type name: 'TTuple;'
java.lang.IllegalStateException: Invalid type name: TTuple
	at org.eclipse.recommenders.utils.Throws.throwUnreachable(Throws.java:62) ~[org.eclipse.recommenders.utils_2.1.0.v20140527-1146.jar:na]
	at org.eclipse.recommenders.utils.names.VmTypeName.<init>(VmTypeName.java:104) ~[org.eclipse.recommenders.utils_2.1.0.v20140527-1146.jar:na]
	at org.eclipse.recommenders.utils.names.VmTypeName.get(VmTypeName.java:56) ~[org.eclipse.recommenders.utils_2.1.0.v20140527-1146.jar:na]
	at org.eclipse.recommenders.completion.rcp.RecommendersCompletionContext.createTypeNamesFromSignatures(RecommendersCompletionContext.java:82) [org.eclipse.recommenders.completion.rcp_2.1.0.v20140610-1533.jar:na]
	at org.eclipse.recommenders.completion.rcp.CompletionContextFunctions$ExpectedTypeNamesContextFunction.compute(CompletionContextFunctions.java:210) [org.eclipse.recommenders.completion.rcp_2.1.0.v20140610-1533.jar:na]
	at org.eclipse.recommenders.completion.rcp.CompletionContextFunctions$ExpectedTypeNamesContextFunction.compute(CompletionContextFunctions.java:1) [org.eclipse.recommenders.completion.rcp_2.1.0.v20140610-1533.jar:na]
	at org.eclipse.recommenders.completion.rcp.RecommendersCompletionContext.get(RecommendersCompletionContext.java:326) [org.eclipse.recommenders.completion.rcp_2.1.0.v20140610-1533.jar:na]
	at org.eclipse.recommenders.completion.rcp.RecommendersCompletionContext.get(RecommendersCompletionContext.java:334) [org.eclipse.recommenders.completion.rcp_2.1.0.v20140610-1533.jar:na]
	at org.eclipse.recommenders.completion.rcp.RecommendersCompletionContext.getExpectedTypeNames(RecommendersCompletionContext.java:166) [org.eclipse.recommenders.completion.rcp_2.1.0.v20140610-1533.jar:na]
	at org.eclipse.recommenders.internal.chain.rcp.ChainCompletionProposalComputer.shouldPerformCompletionOnExpectedType(ChainCompletionProposalComputer.java:138) [org.eclipse.recommenders.chain.rcp_2.1.0.v20140527-1146.jar:na]
	at org.eclipse.recommenders.internal.chain.rcp.ChainCompletionProposalComputer.computeCompletionProposals(ChainCompletionProposalComputer.java:96) [org.eclipse.recommenders.chain.rcp_2.1.0.v20140527-1146.jar:na]
	at org.eclipse.recommenders.internal.chain.rcp.ChainQuickAssistProcessor.getAssists(ChainQuickAssistProcessor.java:48) [org.eclipse.recommenders.chain.rcp_2.1.0.v20140527-1146.jar:na]
	at org.eclipse.jdt.internal.ui.text.correction.JavaCorrectionProcessor$SafeAssistCollector.safeRun(JavaCorrectionProcessor.java:403) [org.eclipse.jdt.ui_3.10.0.v20140604-1403.jar:na]
	at org.eclipse.jdt.internal.ui.text.correction.JavaCorrectionProcessor$SafeCorrectionProcessorAccess.run(JavaCorrectionProcessor.java:339) [org.eclipse.jdt.ui_3.10.0.v20140604-1403.jar:na]
	at org.eclipse.core.runtime.SafeRunner.run(SafeRunner.java:42) [org.eclipse.equinox.common_3.6.200.v20130402-1505.jar:na]
	at org.eclipse.jdt.internal.ui.text.correction.JavaCorrectionProcessor$SafeCorrectionProcessorAccess.process(JavaCorrectionProcessor.java:329) [org.eclipse.jdt.ui_3.10.0.v20140604-1403.jar:na]
	at org.eclipse.jdt.internal.ui.text.correction.JavaCorrectionProcessor.collectAssists(JavaCorrectionProcessor.java:509) [org.eclipse.jdt.ui_3.10.0.v20140604-1403.jar:na]
	at org.eclipse.jdt.internal.ui.text.correction.JavaCorrectionProcessor.collectProposals(JavaCorrectionProcessor.java:287) [org.eclipse.jdt.ui_3.10.0.v20140604-1403.jar:na]
	at org.eclipse.jdt.internal.ui.text.correction.JavaCorrectionProcessor.computeQuickAssistProposals(JavaCorrectionProcessor.java:242) [org.eclipse.jdt.ui_3.10.0.v20140604-1403.jar:na]
	at org.eclipse.jface.text.quickassist.QuickAssistAssistant$ContentAssistProcessor.computeCompletionProposals(QuickAssistAssistant.java:75) [org.eclipse.jface.text_3.9.0.v20140521-1657.jar:na]
	at org.eclipse.jface.text.contentassist.ContentAssistant.computeCompletionProposals(ContentAssistant.java:1861) [org.eclipse.jface.text_3.9.0.v20140521-1657.jar:na]
	at org.eclipse.jface.text.contentassist.CompletionProposalPopup.computeProposals(CompletionProposalPopup.java:573) [org.eclipse.jface.text_3.9.0.v20140521-1657.jar:na]
	at org.eclipse.jface.text.contentassist.CompletionProposalPopup.access$16(CompletionProposalPopup.java:570) [org.eclipse.jface.text_3.9.0.v20140521-1657.jar:na]
	at org.eclipse.jface.text.contentassist.CompletionProposalPopup$2.run(CompletionProposalPopup.java:505) [org.eclipse.jface.text_3.9.0.v20140521-1657.jar:na]
	at org.eclipse.swt.custom.BusyIndicator.showWhile(BusyIndicator.java:70) [org.eclipse.swt.gtk.linux.x86_64_3.103.0.v20140605-2012.jar:na]
	at org.eclipse.jface.text.contentassist.CompletionProposalPopup.showProposals(CompletionProposalPopup.java:499) [org.eclipse.jface.text_3.9.0.v20140521-1657.jar:na]
	at org.eclipse.jface.text.contentassist.ContentAssistant.showPossibleCompletions(ContentAssistant.java:1687) [org.eclipse.jface.text_3.9.0.v20140521-1657.jar:na]
	at org.eclipse.jface.text.quickassist.QuickAssistAssistant.showPossibleQuickAssists(QuickAssistAssistant.java:128) [org.eclipse.jface.text_3.9.0.v20140521-1657.jar:na]
	at org.eclipse.jdt.internal.ui.text.correction.JavaCorrectionAssistant.showPossibleQuickAssists(JavaCorrectionAssistant.java:193) [org.eclipse.jdt.ui_3.10.0.v20140604-1403.jar:na]
	at org.eclipse.jdt.internal.ui.javaeditor.CompilationUnitEditor$AdaptedSourceViewer.doOperation(CompilationUnitEditor.java:195) [org.eclipse.jdt.ui_3.10.0.v20140604-1403.jar:na]
	at org.eclipse.jdt.internal.ui.javaeditor.JavaSelectAnnotationRulerAction.runWithEvent(JavaSelectAnnotationRulerAction.java:98) [org.eclipse.jdt.ui_3.10.0.v20140604-1403.jar:na]
	at org.eclipse.ui.texteditor.AbstractRulerActionDelegate.runWithEvent(AbstractRulerActionDelegate.java:112) [org.eclipse.ui.workbench.texteditor_3.9.0.v20140411-1521.jar:na]
	at org.eclipse.ui.internal.handlers.ActionDelegateHandlerProxy.execute(ActionDelegateHandlerProxy.java:291) [org.eclipse.ui.workbench_3.106.0.v20140530-0732.jar:na]
	at org.eclipse.core.commands.Command.executeWithChecks(Command.java:499) [org.eclipse.core.commands_3.6.100.v20140528-1422.jar:na]
	at org.eclipse.core.commands.ParameterizedCommand.executeWithChecks(ParameterizedCommand.java:508) [org.eclipse.core.commands_3.6.100.v20140528-1422.jar:na]
	at org.eclipse.ui.actions.ContributedAction.runWithEvent(ContributedAction.java:192) [org.eclipse.ui.workbench_3.106.0.v20140530-0732.jar:na]
	at org.eclipse.ui.texteditor.AbstractTextEditor$14.triggerAction(AbstractTextEditor.java:3082) [org.eclipse.ui.workbench.texteditor_3.9.0.v20140411-1521.jar:na]
	at org.eclipse.ui.texteditor.AbstractTextEditor$14.access$1(AbstractTextEditor.java:3065) [org.eclipse.ui.workbench.texteditor_3.9.0.v20140411-1521.jar:na]
	at org.eclipse.ui.texteditor.AbstractTextEditor$15.run(AbstractTextEditor.java:3096) [org.eclipse.ui.workbench.texteditor_3.9.0.v20140411-1521.jar:na]
	at org.eclipse.swt.widgets.Display.timerProc(Display.java:4412) [org.eclipse.swt.gtk.linux.x86_64_3.103.0.v20140605-2012.jar:na]
	at org.eclipse.swt.internal.gtk.OS._g_main_context_iteration(Native Method) [org.eclipse.swt.gtk.linux.x86_64_3.103.0.v20140605-2012.jar:na]
	at org.eclipse.swt.internal.gtk.OS.g_main_context_iteration(OS.java:2473) [org.eclipse.swt.gtk.linux.x86_64_3.103.0.v20140605-2012.jar:na]
	at org.eclipse.swt.widgets.Display.readAndDispatch(Display.java:3439) [org.eclipse.swt.gtk.linux.x86_64_3.103.0.v20140605-2012.jar:na]
	at org.eclipse.e4.ui.internal.workbench.swt.PartRenderingEngine$9.run(PartRenderingEngine.java:1151) [org.eclipse.e4.ui.workbench.swt_0.12.100.v20140530-1436.jar:na]
	at org.eclipse.core.databinding.observable.Realm.runWithDefault(Realm.java:332) [org.eclipse.core.databinding.observable_1.4.1.v20140210-1835.jar:na]
	at org.eclipse.e4.ui.internal.workbench.swt.PartRenderingEngine.run(PartRenderingEngine.java:1032) [org.eclipse.e4.ui.workbench.swt_0.12.100.v20140530-1436.jar:na]
	at org.eclipse.e4.ui.internal.workbench.E4Workbench.createAndRunUI(E4Workbench.java:148) [org.eclipse.e4.ui.workbench_1.1.0.v20140528-1949.jar:na]
	at org.eclipse.ui.internal.Workbench$5.run(Workbench.java:636) [org.eclipse.ui.workbench_3.106.0.v20140530-0732.jar:na]
	at org.eclipse.core.databinding.observable.Realm.runWithDefault(Realm.java:332) [org.eclipse.core.databinding.observable_1.4.1.v20140210-1835.jar:na]
	at org.eclipse.ui.internal.Workbench.createAndRunWorkbench(Workbench.java:579) [org.eclipse.ui.workbench_3.106.0.v20140530-0732.jar:na]
	at org.eclipse.ui.PlatformUI.createAndRunWorkbench(PlatformUI.java:150) [org.eclipse.ui.workbench_3.106.0.v20140530-0732.jar:na]
	at org.eclipse.ui.internal.ide.application.IDEApplication.start(IDEApplication.java:135) [org.eclipse.ui.ide.application_1.0.500.v20140514-2033.jar:na]
	at org.eclipse.equinox.internal.app.EclipseAppHandle.run(EclipseAppHandle.java:196) [org.eclipse.equinox.app_1.3.200.v20130910-1609.jar:na]
	at org.eclipse.core.runtime.internal.adaptor.EclipseAppLauncher.runApplication(EclipseAppLauncher.java:134) [org.eclipse.osgi_3.10.0.v20140606-1445.jar:na]
	at org.eclipse.core.runtime.internal.adaptor.EclipseAppLauncher.start(EclipseAppLauncher.java:104) [org.eclipse.osgi_3.10.0.v20140606-1445.jar:na]
	at org.eclipse.core.runtime.adaptor.EclipseStarter.run(EclipseStarter.java:382) [org.eclipse.osgi_3.10.0.v20140606-1445.jar:na]
	at org.eclipse.core.runtime.adaptor.EclipseStarter.run(EclipseStarter.java:236) [org.eclipse.osgi_3.10.0.v20140606-1445.jar:na]
	at sun.reflect.NativeMethodAccessorImpl.invoke0(Native Method) ~[na:1.8.0_20]
	at sun.reflect.NativeMethodAccessorImpl.invoke(NativeMethodAccessorImpl.java:62) ~[na:1.8.0_20]
	at sun.reflect.DelegatingMethodAccessorImpl.invoke(DelegatingMethodAccessorImpl.java:43) ~[na:1.8.0_20]
	at java.lang.reflect.Method.invoke(Method.java:483) ~[na:1.8.0_20]
	at org.eclipse.equinox.launcher.Main.invokeFramework(Main.java:648) [org.eclipse.equinox.launcher_1.3.0.v20140415-2008.jar:na]
	at org.eclipse.equinox.launcher.Main.basicRun(Main.java:603) [org.eclipse.equinox.launcher_1.3.0.v20140415-2008.jar:na]
	at org.eclipse.equinox.launcher.Main.run(Main.java:1465) [org.eclipse.equinox.launcher_1.3.0.v20140415-2008.jar:na]
	at org.eclipse.equinox.launcher.Main.main(Main.java:1438) [org.eclipse.equinox.launcher_1.3.0.v20140415-2008.jar:na]
2014-09-11 20:45:48,805 [main] WARN  o.e.r.i.c.rcp.TypeBindingAnalyzer - Can't handle %s as parent of completion location.
2014-09-28 11:13:32,569 [main] WARN  o.e.r.c.r.p.ProcessableProposalFactory - Unknown JDT proposal type 'class org.eclipse.jdt.internal.ui.text.javadoc.JavadocInlineTagCompletionProposal' ('{@linkplain}'). Returning original proposal instead.
2014-09-28 11:13:32,588 [main] WARN  o.e.r.c.r.p.ProcessableProposalFactory - Unknown JDT proposal type 'class org.eclipse.jdt.internal.ui.text.javadoc.JavadocInlineTagCompletionProposal' ('{@link}'). Returning original proposal instead.
2014-09-28 11:13:32,588 [main] WARN  o.e.r.c.r.p.ProcessableProposalFactory - Unknown JDT proposal type 'class org.eclipse.jdt.internal.ui.text.javadoc.JavadocInlineTagCompletionProposal' ('{@value}'). Returning original proposal instead.
2014-09-28 11:13:32,588 [main] WARN  o.e.r.c.r.p.ProcessableProposalFactory - Unknown JDT proposal type 'class org.eclipse.jdt.internal.ui.text.javadoc.JavadocInlineTagCompletionProposal' ('{@docRoot}'). Returning original proposal instead.
2014-09-28 11:13:32,588 [main] WARN  o.e.r.c.r.p.ProcessableProposalFactory - Unknown JDT proposal type 'class org.eclipse.jdt.internal.ui.text.java.LazyJavaCompletionProposal' ('@since'). Returning original proposal instead.
2014-09-28 11:13:32,588 [main] WARN  o.e.r.c.r.p.ProcessableProposalFactory - Unknown JDT proposal type 'class org.eclipse.jdt.internal.ui.text.java.LazyJavaCompletionProposal' ('@category'). Returning original proposal instead.
2014-09-28 11:13:32,589 [main] WARN  o.e.r.c.r.p.ProcessableProposalFactory - Unknown JDT proposal type 'class org.eclipse.jdt.internal.ui.text.java.LazyJavaCompletionProposal' ('@serialData'). Returning original proposal instead.
2014-09-28 11:13:32,589 [main] WARN  o.e.r.c.r.p.ProcessableProposalFactory - Unknown JDT proposal type 'class org.eclipse.jdt.internal.ui.text.java.LazyJavaCompletionProposal' ('@see'). Returning original proposal instead.
2014-09-28 11:13:32,589 [main] WARN  o.e.r.c.r.p.ProcessableProposalFactory - Unknown JDT proposal type 'class org.eclipse.jdt.internal.ui.text.javadoc.JavadocInlineTagCompletionProposal' ('{@literal}'). Returning original proposal instead.
2014-09-28 11:13:32,589 [main] WARN  o.e.r.c.r.p.ProcessableProposalFactory - Unknown JDT proposal type 'class org.eclipse.jdt.internal.ui.text.java.LazyJavaCompletionProposal' ('@deprecated'). Returning original proposal instead.
2014-09-28 11:13:32,589 [main] WARN  o.e.r.c.r.p.ProcessableProposalFactory - Unknown JDT proposal type 'class org.eclipse.jdt.internal.ui.text.java.LazyJavaCompletionProposal' ('@exception'). Returning original proposal instead.
2014-09-28 11:13:32,590 [main] WARN  o.e.r.c.r.p.ProcessableProposalFactory - Unknown JDT proposal type 'class org.eclipse.jdt.internal.ui.text.javadoc.JavadocInlineTagCompletionProposal' ('{@code}'). Returning original proposal instead.
2014-09-28 11:13:32,590 [main] WARN  o.e.r.c.r.p.ProcessableProposalFactory - Unknown JDT proposal type 'class org.eclipse.jdt.internal.ui.text.java.LazyJavaCompletionProposal' ('@param'). Returning original proposal instead.
2014-09-28 11:13:32,590 [main] WARN  o.e.r.c.r.p.ProcessableProposalFactory - Unknown JDT proposal type 'class org.eclipse.jdt.internal.ui.text.java.LazyJavaCompletionProposal' ('@return'). Returning original proposal instead.
2014-09-28 11:13:32,590 [main] WARN  o.e.r.c.r.p.ProcessableProposalFactory - Unknown JDT proposal type 'class org.eclipse.jdt.internal.ui.text.javadoc.JavadocInlineTagCompletionProposal' ('{@inheritDoc}'). Returning original proposal instead.
2014-09-28 11:13:32,590 [main] WARN  o.e.r.c.r.p.ProcessableProposalFactory - Unknown JDT proposal type 'class org.eclipse.jdt.internal.ui.text.java.LazyJavaCompletionProposal' ('@throws'). Returning original proposal instead.
2014-10-29 15:18:29,282 [main] WARN  o.e.r.i.c.rcp.TypeBindingAnalyzer - Can't handle %s as parent of completion location.
